-------------------------------------------------------------------------------
Test set: pe.edu.utp.controller.CancelarCitaControllerTest
-------------------------------------------------------------------------------
Tests run: 3, Failures: 0, Errors: 3, Skipped: 0, Time elapsed: 0.823 s <<< FAILURE! -- in pe.edu.utp.controller.CancelarCitaControllerTest
pe.edu.utp.controller.CancelarCitaControllerTest.testCancelarCita_NoPerteneceAlUsuario -- Time elapsed: 0.782 s <<< ERROR!
java.lang.NoClassDefFoundError: org/springframework/http/MediaType
	at org.springframework.mock.web.MockHttpServletResponse.setContentType(MockHttpServletResponse.java:311)
	at pe.edu.utp.controller.CancelarCitaController.doPost(CancelarCitaController.java:38)
	at pe.edu.utp.controller.CancelarCitaControllerTest.testCancelarCita_NoPerteneceAlUsuario(CancelarCitaControllerTest.java:102)
	at java.base/java.lang.reflect.Method.invoke(Method.java:565)
	at java.base/java.util.ArrayList.forEach(ArrayList.java:1604)
	at java.base/java.util.ArrayList.forEach(ArrayList.java:1604)
Caused by: java.lang.ClassNotFoundException: org.springframework.http.MediaType
	at java.base/jdk.internal.loader.BuiltinClassLoader.loadClass(BuiltinClassLoader.java:580)
	at java.base/java.lang.ClassLoader.loadClass(ClassLoader.java:490)
	... 6 more

pe.edu.utp.controller.CancelarCitaControllerTest.testCancelarCita_Exitoso -- Time elapsed: 0.006 s <<< ERROR!
java.lang.NoClassDefFoundError: org/springframework/http/MediaType
	at org.springframework.mock.web.MockHttpServletResponse.setContentType(MockHttpServletResponse.java:311)
	at pe.edu.utp.controller.CancelarCitaController.doPost(CancelarCitaController.java:38)
	at pe.edu.utp.controller.CancelarCitaControllerTest.testCancelarCita_Exitoso(CancelarCitaControllerTest.java:71)
	at java.base/java.lang.reflect.Method.invoke(Method.java:565)
	at java.base/java.util.ArrayList.forEach(ArrayList.java:1604)
	at java.base/java.util.ArrayList.forEach(ArrayList.java:1604)
Caused by: java.lang.ClassNotFoundException: org.springframework.http.MediaType
	... 6 more

pe.edu.utp.controller.CancelarCitaControllerTest.testCancelarCita_EstadoNoPermitido -- Time elapsed: 0.003 s <<< ERROR!
java.lang.NoClassDefFoundError: org/springframework/http/MediaType
	at org.springframework.mock.web.MockHttpServletResponse.setContentType(MockHttpServletResponse.java:311)
	at pe.edu.utp.controller.CancelarCitaController.doPost(CancelarCitaController.java:38)
	at pe.edu.utp.controller.CancelarCitaControllerTest.testCancelarCita_EstadoNoPermitido(CancelarCitaControllerTest.java:131)
	at java.base/java.lang.reflect.Method.invoke(Method.java:565)
	at java.base/java.util.ArrayList.forEach(ArrayList.java:1604)
	at java.base/java.util.ArrayList.forEach(ArrayList.java:1604)
Caused by: java.lang.ClassNotFoundException: org.springframework.http.MediaType
	... 6 more

