<?xml version="1.0" encoding="UTF-8"?>
<testsuite xmlns:xsi="http://www.w3.org/2001/XMLSchema-instance" xsi:noNamespaceSchemaLocation="https://maven.apache.org/surefire/maven-surefire-plugin/xsd/surefire-test-report-3.0.xsd" version="3.0" name="pe.edu.utp.controller.LoginControllerTest" time="0.026" tests="3" errors="0" skipped="0" failures="0">
  <properties>
[...]
</properties>
  <testcase name="testLoginExitosoPacienteReal" classname="pe.edu.utp.controller.LoginControllerTest" time="0.019"/>
  <testcase name="testLoginCuentaPendienteSecretaria" classname="pe.edu.utp.controller.LoginControllerTest" time="0.003"/>
  <testcase name="testLoginCredencialesErroneas" classname="pe.edu.utp.controller.LoginControllerTest" time="0.002"/>
</testsuite>